2025-11-14 16:28:50 - __main__ - INFO - run.py:15 - Starting SoilWise v1.0.0
2025-11-14 16:31:03 - __main__ - INFO - run.py:15 - Starting SoilWise v1.0.0
2025-11-14 16:33:42 - __main__ - INFO - run.py:15 - Starting SoilWise v1.0.0
2025-11-14 16:36:05 - __main__ - INFO - run.py:15 - Starting SoilWise v1.0.0
2025-11-14 16:46:49 - __main__ - INFO - run.py:15 - Starting SoilWise v1.0.0
2025-11-14 16:46:50 - __main__ - CRITICAL - run.py:27 - Error: 'HomePage' object has no attribute 'refresh'
Traceback (most recent call last):
  File "C:\Users\ACER LAPTOP\OneDrive\Desktop\capstone-pyside\run.py", line 21, in main
    window = MainWindow()
  File "C:\Users\ACER LAPTOP\OneDrive\Desktop\capstone-pyside\SoilWise\ui\main_window.py", line 35, in __init__
    self.init_ui()
    ~~~~~~~~~~~~^^
  File "C:\Users\ACER LAPTOP\OneDrive\Desktop\capstone-pyside\SoilWise\ui\main_window.py", line 142, in init_ui
    self.change_page(0)
    ~~~~~~~~~~~~~~~~^^^
  File "C:\Users\ACER LAPTOP\OneDrive\Desktop\capstone-pyside\SoilWise\ui\main_window.py", line 277, in change_page
    self.pages['home'].refresh()
    ^^^^^^^^^^^^^^^^^^^^^^^^^^
AttributeError: 'HomePage' object has no attribute 'refresh'
2025-11-14 18:38:48 - __main__ - INFO - run.py:15 - Starting SoilWise v1.0.0
2025-11-14 18:38:50 - __main__ - CRITICAL - run.py:27 - Error: 'HomePage' object has no attribute 'refresh'
Traceback (most recent call last):
  File "C:\Users\ACER LAPTOP\OneDrive\Desktop\capstone-pyside\run.py", line 21, in main
    window = MainWindow()
  File "C:\Users\ACER LAPTOP\OneDrive\Desktop\capstone-pyside\SoilWise\ui\main_window.py", line 35, in __init__
    self.init_ui()
    ~~~~~~~~~~~~^^
  File "C:\Users\ACER LAPTOP\OneDrive\Desktop\capstone-pyside\SoilWise\ui\main_window.py", line 142, in init_ui
    self.change_page(0)
    ~~~~~~~~~~~~~~~~^^^
  File "C:\Users\ACER LAPTOP\OneDrive\Desktop\capstone-pyside\SoilWise\ui\main_window.py", line 277, in change_page
    self.pages['home'].refresh()
    ^^^^^^^^^^^^^^^^^^^^^^^^^^
AttributeError: 'HomePage' object has no attribute 'refresh'
2025-11-14 18:55:35 - __main__ - INFO - run.py:15 - Starting SoilWise v1.0.0
2025-11-14 18:55:37 - __main__ - CRITICAL - run.py:27 - Error: 'HomePage' object has no attribute 'refresh'
Traceback (most recent call last):
  File "C:\Users\ACER LAPTOP\OneDrive\Desktop\capstone-pyside\run.py", line 21, in main
    window = MainWindow()
  File "C:\Users\ACER LAPTOP\OneDrive\Desktop\capstone-pyside\SoilWise\ui\main_window.py", line 35, in __init__
    self.init_ui()
    ~~~~~~~~~~~~^^
  File "C:\Users\ACER LAPTOP\OneDrive\Desktop\capstone-pyside\SoilWise\ui\main_window.py", line 142, in init_ui
    self.change_page(0)
    ~~~~~~~~~~~~~~~~^^^
  File "C:\Users\ACER LAPTOP\OneDrive\Desktop\capstone-pyside\SoilWise\ui\main_window.py", line 277, in change_page
    self.pages['home'].refresh()
    ^^^^^^^^^^^^^^^^^^^^^^^^^^
AttributeError: 'HomePage' object has no attribute 'refresh'
2025-11-14 19:03:36 - __main__ - INFO - run.py:15 - Starting SoilWise v1.0.0
2025-11-14 19:05:36 - __main__ - INFO - run.py:15 - Starting SoilWise v1.0.0
2025-11-14 19:06:17 - __main__ - INFO - run.py:15 - Starting SoilWise v1.0.0
2025-11-14 19:06:46 - __main__ - INFO - run.py:15 - Starting SoilWise v1.0.0
2025-11-14 19:10:53 - __main__ - INFO - run.py:15 - Starting SoilWise v1.0.0
2025-11-14 19:14:05 - __main__ - INFO - run.py:15 - Starting SoilWise v1.0.0
2025-11-14 19:20:23 - __main__ - INFO - run.py:15 - Starting SoilWise v1.0.0
2025-11-14 19:30:56 - __main__ - INFO - run.py:15 - Starting SoilWise v1.0.0
2025-11-14 19:32:34 - __main__ - INFO - run.py:15 - Starting SoilWise v1.0.0
2025-11-14 19:35:07 - __main__ - INFO - run.py:15 - Starting SoilWise v1.0.0
2025-11-14 19:36:57 - __main__ - INFO - run.py:15 - Starting SoilWise v1.0.0
2025-11-14 19:38:12 - __main__ - INFO - run.py:15 - Starting SoilWise v1.0.0
2025-11-14 19:41:00 - __main__ - INFO - run.py:15 - Starting SoilWise v1.0.0
2025-11-14 19:41:12 - __main__ - INFO - run.py:15 - Starting SoilWise v1.0.0
2025-11-14 19:44:32 - __main__ - INFO - run.py:15 - Starting SoilWise v1.0.0
2025-11-14 19:59:05 - __main__ - INFO - run.py:15 - Starting SoilWise v1.0.0
2025-11-14 20:02:16 - __main__ - INFO - run.py:15 - Starting SoilWise v1.0.0
2025-11-14 20:05:26 - __main__ - INFO - run.py:15 - Starting SoilWise v1.0.0
2025-11-14 20:09:38 - __main__ - INFO - run.py:15 - Starting SoilWise v1.0.0
2025-11-14 20:13:31 - __main__ - INFO - run.py:15 - Starting SoilWise v1.0.0
2025-11-14 20:17:07 - __main__ - INFO - run.py:15 - Starting SoilWise v1.0.0
2025-11-14 20:19:16 - __main__ - INFO - run.py:15 - Starting SoilWise v1.0.0
2025-11-14 20:20:06 - __main__ - INFO - run.py:15 - Starting SoilWise v1.0.0
2025-11-14 20:23:09 - __main__ - INFO - run.py:15 - Starting SoilWise v1.0.0
2025-11-14 20:24:52 - __main__ - INFO - run.py:15 - Starting SoilWise v1.0.0
2025-11-14 20:27:33 - __main__ - INFO - run.py:15 - Starting SoilWise v1.0.0
2025-11-14 20:32:27 - __main__ - INFO - run.py:15 - Starting SoilWise v1.0.0
2025-11-14 20:35:08 - __main__ - INFO - run.py:15 - Starting SoilWise v1.0.0
2025-11-14 20:38:13 - __main__ - INFO - run.py:15 - Starting SoilWise v1.0.0
2025-11-14 20:39:16 - __main__ - INFO - run.py:15 - Starting SoilWise v1.0.0
2025-11-14 20:42:25 - __main__ - INFO - run.py:15 - Starting SoilWise v1.0.0
2025-11-14 21:01:43 - __main__ - INFO - run.py:15 - Starting SoilWise v1.0.0
2025-11-14 21:02:30 - __main__ - INFO - run.py:15 - Starting SoilWise v1.0.0
2025-11-14 21:04:50 - __main__ - INFO - run.py:15 - Starting SoilWise v1.0.0
2025-11-14 21:08:37 - __main__ - INFO - run.py:15 - Starting SoilWise v1.0.0
2025-11-14 21:09:55 - __main__ - INFO - run.py:15 - Starting SoilWise v1.0.0
2025-11-14 21:11:21 - __main__ - INFO - run.py:15 - Starting SoilWise v1.0.0
2025-11-14 21:13:42 - __main__ - INFO - run.py:15 - Starting SoilWise v1.0.0
2025-11-14 21:20:23 - __main__ - INFO - run.py:15 - Starting SoilWise v1.0.0
2025-11-14 21:34:25 - __main__ - INFO - run.py:15 - Starting SoilWise v1.0.0
2025-11-14 22:00:38 - __main__ - INFO - run.py:15 - Starting SoilWise v1.0.0
2025-11-14 22:36:17 - __main__ - INFO - run.py:15 - Starting SoilWise v1.0.0
2025-11-15 10:20:50 - __main__ - INFO - run.py:15 - Starting SoilWise v1.0.0
2025-11-15 17:09:20 - __main__ - INFO - run.py:15 - Starting SoilWise v1.0.0
2025-11-16 14:49:46 - __main__ - INFO - run.py:15 - Starting SoilWise v1.0.0
2025-11-17 12:34:14 - __main__ - INFO - run.py:15 - Starting SoilWise v1.0.0
2025-11-17 12:39:59 - __main__ - INFO - run.py:15 - Starting SoilWise v1.0.0
2025-11-18 08:42:21 - __main__ - INFO - run.py:15 - Starting SoilWise v1.0.0
2025-11-18 10:08:18 - __main__ - INFO - run.py:15 - Starting SoilWise v1.0.0
2025-11-18 10:10:07 - __main__ - INFO - run.py:15 - Starting SoilWise v1.0.0
2025-11-18 10:13:36 - __main__ - INFO - run.py:15 - Starting SoilWise v1.0.0
2025-11-18 10:17:51 - __main__ - INFO - run.py:15 - Starting SoilWise v1.0.0
2025-11-18 10:21:48 - __main__ - INFO - run.py:15 - Starting SoilWise v1.0.0
2025-11-18 10:26:24 - __main__ - INFO - run.py:15 - Starting SoilWise v1.0.0
2025-11-18 10:29:47 - __main__ - INFO - run.py:15 - Starting SoilWise v1.0.0
2025-11-18 10:32:17 - __main__ - INFO - run.py:15 - Starting SoilWise v1.0.0
2025-11-18 10:33:02 - __main__ - INFO - run.py:15 - Starting SoilWise v1.0.0
2025-11-18 10:34:48 - __main__ - INFO - run.py:15 - Starting SoilWise v1.0.0
2025-11-18 10:35:41 - __main__ - INFO - run.py:15 - Starting SoilWise v1.0.0
2025-11-18 10:39:24 - __main__ - INFO - run.py:15 - Starting SoilWise v1.0.0
2025-11-18 10:43:14 - __main__ - INFO - run.py:15 - Starting SoilWise v1.0.0
2025-11-18 10:46:31 - __main__ - INFO - run.py:15 - Starting SoilWise v1.0.0
2025-11-18 10:52:49 - __main__ - INFO - run.py:15 - Starting SoilWise v1.0.0
2025-11-18 10:54:43 - __main__ - INFO - run.py:15 - Starting SoilWise v1.0.0
2025-11-18 10:55:20 - __main__ - INFO - run.py:15 - Starting SoilWise v1.0.0
2025-11-18 17:56:30 - __main__ - INFO - run.py:15 - Starting SoilWise v1.0.0
2025-11-18 17:59:11 - __main__ - INFO - run.py:15 - Starting SoilWise v1.0.0
2025-11-18 18:10:33 - __main__ - INFO - run.py:15 - Starting SoilWise v1.0.0
2025-11-18 18:16:35 - __main__ - INFO - run.py:15 - Starting SoilWise v1.0.0
2025-11-18 18:18:56 - __main__ - INFO - run.py:15 - Starting SoilWise v1.0.0
2025-11-18 18:21:44 - __main__ - INFO - run.py:15 - Starting SoilWise v1.0.0
2025-11-18 18:23:39 - __main__ - INFO - run.py:15 - Starting SoilWise v1.0.0
2025-11-18 18:27:28 - __main__ - INFO - run.py:15 - Starting SoilWise v1.0.0
2025-11-19 06:06:59 - __main__ - INFO - run.py:15 - Starting SoilWise v1.0.0
2025-11-19 20:27:47 - __main__ - INFO - run.py:15 - Starting SoilWise v1.0.0
2025-11-19 22:28:03 - __main__ - INFO - run.py:15 - Starting SoilWise v1.0.0
2025-11-19 22:30:27 - __main__ - INFO - run.py:15 - Starting SoilWise v1.0.0
2025-11-19 22:35:51 - __main__ - INFO - run.py:15 - Starting SoilWise v1.0.0
2025-11-20 09:04:31 - __main__ - INFO - run.py:15 - Starting SoilWise v1.0.0
2025-11-20 09:16:21 - __main__ - INFO - run.py:15 - Starting SoilWise v1.0.0
2025-11-20 09:17:47 - __main__ - INFO - run.py:15 - Starting SoilWise v1.0.0
2025-11-20 09:18:56 - __main__ - INFO - run.py:15 - Starting SoilWise v1.0.0
2025-11-20 09:19:52 - __main__ - INFO - run.py:15 - Starting SoilWise v1.0.0
2025-11-20 20:21:26 - __main__ - INFO - run.py:15 - Starting SoilWise v1.0.0
2025-11-21 09:47:47 - __main__ - INFO - run.py:15 - Starting SoilWise v1.0.0
2025-11-21 10:10:42 - __main__ - INFO - run.py:15 - Starting SoilWise v1.0.0
2025-11-21 10:15:24 - __main__ - INFO - run.py:15 - Starting SoilWise v1.0.0
2025-11-21 10:23:43 - __main__ - INFO - run.py:15 - Starting SoilWise v1.0.0
2025-11-21 10:31:16 - __main__ - INFO - run.py:15 - Starting SoilWise v1.0.0
2025-11-21 10:34:29 - __main__ - INFO - run.py:15 - Starting SoilWise v1.0.0
2025-11-21 10:35:40 - __main__ - INFO - run.py:15 - Starting SoilWise v1.0.0
2025-11-21 10:36:11 - __main__ - INFO - run.py:15 - Starting SoilWise v1.0.0
2025-11-21 10:37:13 - __main__ - INFO - run.py:15 - Starting SoilWise v1.0.0
2025-11-21 10:48:43 - __main__ - INFO - run.py:15 - Starting SoilWise v1.0.0
2025-11-21 10:50:00 - __main__ - INFO - run.py:15 - Starting SoilWise v1.0.0
2025-11-21 10:51:12 - __main__ - INFO - run.py:15 - Starting SoilWise v1.0.0
2025-11-21 10:54:30 - __main__ - INFO - run.py:15 - Starting SoilWise v1.0.0
2025-11-21 10:59:16 - __main__ - INFO - run.py:15 - Starting SoilWise v1.0.0
2025-11-21 11:15:25 - __main__ - INFO - run.py:15 - Starting SoilWise v1.0.0
2025-11-21 11:20:09 - __main__ - INFO - run.py:15 - Starting SoilWise v1.0.0
2025-11-21 11:26:04 - __main__ - INFO - run.py:15 - Starting SoilWise v1.0.0
2025-11-21 11:30:07 - __main__ - INFO - run.py:15 - Starting SoilWise v1.0.0
2025-11-21 11:32:51 - __main__ - INFO - run.py:15 - Starting SoilWise v1.0.0
2025-11-21 11:34:15 - __main__ - INFO - run.py:15 - Starting SoilWise v1.0.0
2025-11-21 11:36:36 - __main__ - INFO - run.py:15 - Starting SoilWise v1.0.0
2025-11-21 11:44:10 - __main__ - INFO - run.py:15 - Starting SoilWise v1.0.0
2025-11-21 11:47:08 - __main__ - INFO - run.py:15 - Starting SoilWise v1.0.0
2025-11-21 11:53:53 - __main__ - INFO - run.py:15 - Starting SoilWise v1.0.0
2025-11-21 11:55:21 - __main__ - INFO - run.py:15 - Starting SoilWise v1.0.0
2025-11-21 11:56:49 - __main__ - INFO - run.py:15 - Starting SoilWise v1.0.0
2025-11-21 12:01:53 - __main__ - INFO - run.py:15 - Starting SoilWise v1.0.0
2025-11-21 12:04:25 - __main__ - INFO - run.py:15 - Starting SoilWise v1.0.0
2025-11-21 12:05:39 - __main__ - INFO - run.py:15 - Starting SoilWise v1.0.0
2025-11-21 12:12:34 - __main__ - INFO - run.py:15 - Starting SoilWise v1.0.0
2025-11-21 12:14:30 - __main__ - INFO - run.py:15 - Starting SoilWise v1.0.0
2025-11-21 12:15:35 - __main__ - INFO - run.py:15 - Starting SoilWise v1.0.0
